<?xml version="1.0" encoding="UTF-8"?>
<!-- Generated by org.testng.reporters.JUnitReportReporter -->
<testsuite hostname="vaish" failures="0" tests="1" name="com.sai.selAssmt1.Webroot" time="15.432" errors="0" timestamp="2023-09-26T19:13:48 EDT" skipped="0">
  <testcase classname="com.sai.selAssmt1.Webroot" name="validateBilling" time="15.432"/>
</testsuite> <!-- com.sai.selAssmt1.Webroot -->
