<?xml version="1.0" encoding="UTF-8"?>
<!-- Generated by org.testng.reporters.JUnitReportReporter -->
<testsuite hostname="vaish" failures="0" tests="1" name="com.sai.selAssmt1.ActionsAndAlerts" time="6.430" errors="0" timestamp="2023-09-28T16:50:44 EDT" skipped="0">
  <testcase classname="com.sai.selAssmt1.ActionsAndAlerts" name="validateActionToolTip" time="6.430"/>
</testsuite> <!-- com.sai.selAssmt1.ActionsAndAlerts -->
