<?xml version="1.0" encoding="UTF-8"?>
<!-- Generated by org.testng.reporters.JUnitReportReporter -->
<testsuite hostname="vaish" failures="0" tests="1" name="com.sai.selAssmt1.HandlingWebTables" time="64.542" errors="0" timestamp="2023-10-12T18:54:00 EDT" skipped="0">
  <testcase classname="com.sai.selAssmt1.HandlingWebTables" name="testingWebTable" time="64.542"/>
</testsuite> <!-- com.sai.selAssmt1.HandlingWebTables -->
