<?xml version="1.0" encoding="UTF-8"?>
<!-- Generated by org.testng.reporters.JUnitReportReporter -->
<testsuite hostname="vaish" failures="0" tests="1" name="com.sai.selAssmt1.NaveenAutomation" time="12.119" errors="0" timestamp="2023-09-26T18:43:11 EDT" skipped="0">
  <testcase classname="com.sai.selAssmt1.NaveenAutomation" name="validateContactUs" time="12.119"/>
</testsuite> <!-- com.sai.selAssmt1.NaveenAutomation -->
