<?xml version="1.0" encoding="UTF-8"?>
<!-- Generated by org.testng.reporters.JUnitReportReporter -->
<testsuite hostname="vaish" failures="0" tests="1" name="com.sai.selAssmt1.ExplicitWaitExample" time="21.065" errors="0" timestamp="2023-09-27T18:38:01 EDT" skipped="0">
  <testcase classname="com.sai.selAssmt1.ExplicitWaitExample" name="ExplicitWaitDemo" time="21.065"/>
</testsuite> <!-- com.sai.selAssmt1.ExplicitWaitExample -->
