<?xml version="1.0" encoding="UTF-8"?>
<!-- Generated by org.testng.reporters.JUnitReportReporter -->
<testsuite hostname="vaish" failures="0" tests="1" name="com.sai.selAssmt1.Fossil" time="9.997" errors="0" timestamp="2023-09-25T19:11:30 EDT" skipped="0">
  <testcase classname="com.sai.selAssmt1.Fossil" name="validateNewArrivalsOption" time="9.997"/>
</testsuite> <!-- com.sai.selAssmt1.Fossil -->
