<?xml version="1.0" encoding="UTF-8"?>
<!-- Generated by org.testng.reporters.JUnitReportReporter -->
<testsuite hostname="vaish" failures="0" tests="1" name="com.sai.selAssmt1.Walmart" time="19.072" errors="0" timestamp="2023-09-25T11:42:34 EDT" skipped="0">
  <testcase classname="com.sai.selAssmt1.Walmart" name="canWeHelp" time="19.072"/>
</testsuite> <!-- com.sai.selAssmt1.Walmart -->
