<?xml version="1.0" encoding="UTF-8"?>
<!-- Generated by org.testng.reporters.JUnitReportReporter -->
<testsuite hostname="vaish" failures="0" tests="1" name="com.sai.selAssmt1.BrightCloud" time="169.492" errors="0" timestamp="2023-09-26T19:26:57 EDT" skipped="0">
  <testcase classname="com.sai.selAssmt1.BrightCloud" name="servicesValidation" time="169.492"/>
</testsuite> <!-- com.sai.selAssmt1.BrightCloud -->
