<?xml version="1.0" encoding="UTF-8"?>
<!-- Generated by org.testng.reporters.JUnitReportReporter -->
<testsuite hostname="vaish" failures="0" tests="1" name="com.sai.selAssmt1.CostcoCanada" time="7.794" errors="0" timestamp="2023-09-25T09:15:55 EDT" skipped="0">
  <testcase classname="com.sai.selAssmt1.CostcoCanada" name="validateShopDropDown" time="7.794"/>
</testsuite> <!-- com.sai.selAssmt1.CostcoCanada -->
