<?xml version="1.0" encoding="UTF-8"?>
<!-- Generated by org.testng.reporters.JUnitReportReporter -->
<testsuite hostname="vaish" failures="0" tests="1" name="com.sai.selAssmt1.AlertsExample" time="5.379" errors="0" timestamp="2023-09-29T14:49:14 EDT" skipped="0">
  <testcase classname="com.sai.selAssmt1.AlertsExample" name="validatepromptAlert" time="5.379"/>
</testsuite> <!-- com.sai.selAssmt1.AlertsExample -->
